2026-03-17 12:55:07,008 INFO o.a.j.u.JMeterUtils: Setting Locale to en_EN
2026-03-17 12:55:07,022 INFO o.a.j.JMeter: Loading user properties from: /opt/homebrew/Cellar/jmeter/5.6.3/libexec/bin/user.properties
2026-03-17 12:55:07,022 INFO o.a.j.JMeter: Loading system properties from: /opt/homebrew/Cellar/jmeter/5.6.3/libexec/bin/system.properties
2026-03-17 12:55:07,025 INFO o.a.j.JMeter: Copyright (c) 1998-2024 The Apache Software Foundation
2026-03-17 12:55:07,026 INFO o.a.j.JMeter: Version 5.6.3
2026-03-17 12:55:07,026 INFO o.a.j.JMeter: java.version=21.0.7
2026-03-17 12:55:07,026 INFO o.a.j.JMeter: java.vm.name=OpenJDK 64-Bit Server VM
2026-03-17 12:55:07,026 INFO o.a.j.JMeter: os.name=Mac OS X
2026-03-17 12:55:07,026 INFO o.a.j.JMeter: os.arch=aarch64
2026-03-17 12:55:07,026 INFO o.a.j.JMeter: os.version=14.8.3
2026-03-17 12:55:07,026 INFO o.a.j.JMeter: file.encoding=UTF-8
2026-03-17 12:55:07,026 INFO o.a.j.JMeter: java.awt.headless=null
2026-03-17 12:55:07,026 INFO o.a.j.JMeter: Max memory     =1073741824
2026-03-17 12:55:07,026 INFO o.a.j.JMeter: Available Processors =12
2026-03-17 12:55:07,033 INFO o.a.j.JMeter: Default Locale=English (EN)
2026-03-17 12:55:07,033 INFO o.a.j.JMeter: JMeter  Locale=English (EN)
2026-03-17 12:55:07,033 INFO o.a.j.JMeter: JMeterHome=/opt/homebrew/Cellar/jmeter/5.6.3/libexec
2026-03-17 12:55:07,033 INFO o.a.j.JMeter: user.dir  =/Users/rupertgermann/AI/rowing-tracker
2026-03-17 12:55:07,033 INFO o.a.j.JMeter: PWD       =/Users/rupertgermann/AI/rowing-tracker
2026-03-17 12:55:07,034 INFO o.a.j.JMeter: IP: 127.0.0.1 Name: MacBook-Pro.local FullName: localhost
2026-03-17 12:55:07,041 INFO o.a.j.JMeter: Loaded icon properties from org/apache/jmeter/images/icon.properties
2026-03-17 12:55:07,347 INFO o.a.j.JMeterGuiLauncher: Setting LAF to: com.github.weisj.darklaf.DarkLaf:com.github.weisj.darklaf.theme.DarculaTheme
2026-03-17 12:55:08,980 INFO o.a.j.r.ClassFinder: Will scan jar /opt/homebrew/Cellar/jmeter/5.6.3/libexec/lib/ext/jmeter-plugins-manager-1.9.jar with filter ExtendsClassFilter [parents=[interface org.apache.jmeter.gui.action.Command], inner=false, contains=null, notContains=null]. Consider exposing JMeter plugins via META-INF/services, and add JMeter-Skip-Class-Scanning=true manifest attribute so JMeter can skip classfile scanning
2026-03-17 12:55:09,144 INFO o.a.j.r.ClassFinder: Will scan jar /opt/homebrew/Cellar/jmeter/5.6.3/libexec/lib/ext/jmeter-plugins-manager-1.9.jar with filter ExtendsClassFilter [parents=[interface org.apache.jmeter.gui.plugin.MenuCreator], inner=false, contains=null, notContains=null]. Consider exposing JMeter plugins via META-INF/services, and add JMeter-Skip-Class-Scanning=true manifest attribute so JMeter can skip classfile scanning
2026-03-17 12:55:09,203 INFO o.j.r.JARSourceHTTP: Requesting https://jmeter-plugins.org/repo/?installID=mac_os_x-2ae058313b6fa96a35c5305a2320ea78-gui
2026-03-17 12:55:10,573 INFO o.j.r.PluginManager: Plugins Status: [jpgc-plugins-manager=1.9, jmeter-core=5.6.3, jmeter-ftp=5.6.3, jmeter-http=5.6.3, jmeter-jdbc=5.6.3, jmeter-jms=5.6.3, jmeter-junit=5.6.3, jmeter-java=5.6.3, jmeter-ldap=5.6.3, jmeter-mail=5.6.3, jmeter-mongodb=5.6.3, jmeter-native=5.6.3, jmeter-tcp=5.6.3, jmeter-components=5.6.3]
2026-03-17 12:55:10,573 INFO o.j.r.PluginManagerMenuItem: Plugins Manager has upgrades: [jpgc-plugins-manager]
2026-03-17 12:55:37,588 INFO o.a.j.s.FileServer: Default base='/Users/rupertgermann/AI/rowing-tracker'
2026-03-17 12:55:37,590 INFO o.a.j.g.a.Load: Loading file: /Users/rupertgermann/Sites/ifurn_update12_ddev/mono-repo/iFurn_ifurnOnline_V11_smoke.jmx
2026-03-17 12:55:37,590 INFO o.a.j.s.FileServer: Set new base='/Users/rupertgermann/Sites/ifurn_update12_ddev/mono-repo'
2026-03-17 12:55:37,690 INFO o.a.j.s.SaveService: Testplan (JMX) version: 2.2. Testlog (JTL) version: 2.2
2026-03-17 12:55:37,694 INFO o.a.j.s.SaveService: Using SaveService properties version 5.0
2026-03-17 12:55:37,694 INFO o.a.j.s.SaveService: Using SaveService properties file encoding UTF-8
2026-03-17 12:55:37,695 INFO o.a.j.s.SaveService: Loading file: /Users/rupertgermann/Sites/ifurn_update12_ddev/mono-repo/iFurn_ifurnOnline_V11_smoke.jmx
2026-03-17 12:55:37,696 WARN o.j.r.p.TestPlanAnalyzer: Failed read jmx file
java.io.FileNotFoundException: /Users/rupertgermann/Sites/ifurn_update12_ddev/mono-repo/iFurn_ifurnOnline_V11_smoke.jmx (No such file or directory)
	at java.base/java.io.FileInputStream.open0(Native Method) ~[?:?]
	at java.base/java.io.FileInputStream.open(FileInputStream.java:213) ~[?:?]
	at java.base/java.io.FileInputStream.<init>(FileInputStream.java:152) ~[?:?]
	at org.jmeterplugins.repository.plugins.TestPlanAnalyzer.readBytesFromFile(TestPlanAnalyzer.java:68) ~[jmeter-plugins-manager-1.9.jar:?]
	at org.jmeterplugins.repository.plugins.TestPlanAnalyzer.getNodeListWithClassNames(TestPlanAnalyzer.java:111) ~[jmeter-plugins-manager-1.9.jar:?]
	at org.jmeterplugins.repository.plugins.TestPlanAnalyzer.analyze(TestPlanAnalyzer.java:37) ~[jmeter-plugins-manager-1.9.jar:?]
	at org.jmeterplugins.repository.plugins.PluginSuggester.analyzeTestPlan(PluginSuggester.java:51) ~[jmeter-plugins-manager-1.9.jar:?]
	at org.jmeterplugins.repository.plugins.PluginSuggester.findPluginsToInstall(PluginSuggester.java:44) ~[jmeter-plugins-manager-1.9.jar:?]
	at org.jmeterplugins.repository.plugins.PluginSuggester.checkAndSuggest(PluginSuggester.java:28) ~[jmeter-plugins-manager-1.9.jar:?]
	at org.jmeterplugins.repository.logging.LoggerAppender.append(LoggerAppender.java:33) ~[jmeter-plugins-manager-1.9.jar:?]
	at org.apache.logging.log4j.core.config.AppenderControl.tryCallAppender(AppenderControl.java:160) ~[log4j-core-2.22.1.jar:2.22.1]
	at org.apache.logging.log4j.core.config.AppenderControl.callAppender0(AppenderControl.java:133) ~[log4j-core-2.22.1.jar:2.22.1]
	at org.apache.logging.log4j.core.config.AppenderControl.callAppenderPreventRecursion(AppenderControl.java:124) ~[log4j-core-2.22.1.jar:2.22.1]
	at org.apache.logging.log4j.core.config.AppenderControl.callAppender(AppenderControl.java:88) ~[log4j-core-2.22.1.jar:2.22.1]
	at org.apache.logging.log4j.core.config.LoggerConfig.callAppenders(LoggerConfig.java:705) ~[log4j-core-2.22.1.jar:2.22.1]
	at org.apache.logging.log4j.core.config.LoggerConfig.processLogEvent(LoggerConfig.java:663) ~[log4j-core-2.22.1.jar:2.22.1]
	at org.apache.logging.log4j.core.config.LoggerConfig.log(LoggerConfig.java:639) ~[log4j-core-2.22.1.jar:2.22.1]
	at org.apache.logging.log4j.core.config.LoggerConfig.log(LoggerConfig.java:575) ~[log4j-core-2.22.1.jar:2.22.1]
	at org.apache.logging.log4j.core.config.AwaitCompletionReliabilityStrategy.log(AwaitCompletionReliabilityStrategy.java:92) ~[log4j-core-2.22.1.jar:2.22.1]
	at org.apache.logging.log4j.core.Logger.log(Logger.java:169) ~[log4j-core-2.22.1.jar:2.22.1]
	at org.apache.logging.log4j.spi.AbstractLogger.tryLogMessage(AbstractLogger.java:2933) ~[log4j-api-2.22.1.jar:2.22.1]
	at org.apache.logging.log4j.spi.AbstractLogger.logMessageTrackRecursion(AbstractLogger.java:2886) ~[log4j-api-2.22.1.jar:2.22.1]
	at org.apache.logging.log4j.spi.AbstractLogger.logMessageSafely(AbstractLogger.java:2868) ~[log4j-api-2.22.1.jar:2.22.1]
	at org.apache.logging.log4j.spi.AbstractLogger.logMessage(AbstractLogger.java:2664) ~[log4j-api-2.22.1.jar:2.22.1]
	at org.apache.logging.log4j.spi.AbstractLogger.logIfEnabled(AbstractLogger.java:2429) ~[log4j-api-2.22.1.jar:2.22.1]
	at org.apache.logging.slf4j.Log4jLogger.info(Log4jLogger.java:184) ~[log4j-slf4j-impl-2.22.1.jar:2.22.1]
	at org.apache.jmeter.save.SaveService.loadTree(SaveService.java:425) ~[ApacheJMeter_core.jar:5.6.3]
	at org.apache.jmeter.gui.action.Load.loadProjectFile(Load.java:131) ~[ApacheJMeter_core.jar:5.6.3]
	at org.apache.jmeter.gui.action.Load.loadProjectFile(Load.java:103) ~[ApacheJMeter_core.jar:5.6.3]
	at org.apache.jmeter.gui.action.LoadRecentProject.doActionAfterCheck(LoadRecentProject.java:74) ~[ApacheJMeter_core.jar:5.6.3]
	at org.apache.jmeter.gui.action.AbstractActionWithNoRunningTest.doAction(AbstractActionWithNoRunningTest.java:44) ~[ApacheJMeter_core.jar:5.6.3]
	at org.apache.jmeter.gui.action.ActionRouter.performAction(ActionRouter.java:83) ~[ApacheJMeter_core.jar:5.6.3]
	at org.apache.jmeter.gui.action.ActionRouter.lambda$actionPerformed$0(ActionRouter.java:65) ~[ApacheJMeter_core.jar:5.6.3]
	at java.desktop/java.awt.event.InvocationEvent.dispatch(InvocationEvent.java:318) ~[?:?]
	at java.desktop/java.awt.EventQueue.dispatchEventImpl(EventQueue.java:773) ~[?:?]
	at java.desktop/java.awt.EventQueue$4.run(EventQueue.java:720) ~[?:?]
	at java.desktop/java.awt.EventQueue$4.run(EventQueue.java:714) ~[?:?]
	at java.base/java.security.AccessController.doPrivileged(AccessController.java:400) [?:?]
	at java.base/java.security.ProtectionDomain$JavaSecurityAccessImpl.doIntersectionPrivilege(ProtectionDomain.java:87) [?:?]
	at java.desktop/java.awt.EventQueue.dispatchEvent(EventQueue.java:742) [?:?]
	at java.desktop/java.awt.EventDispatchThread.pumpOneEventForFilters(EventDispatchThread.java:203) [?:?]
	at java.desktop/java.awt.EventDispatchThread.pumpEventsForFilter(EventDispatchThread.java:124) [?:?]
	at java.desktop/java.awt.EventDispatchThread.pumpEventsForHierarchy(EventDispatchThread.java:113) [?:?]
	at java.desktop/java.awt.EventDispatchThread.pumpEvents(EventDispatchThread.java:109) [?:?]
	at java.desktop/java.awt.EventDispatchThread.pumpEvents(EventDispatchThread.java:101) [?:?]
	at java.desktop/java.awt.EventDispatchThread.run(EventDispatchThread.java:90) [?:?]
2026-03-17 12:55:37,703 WARN o.j.r.p.TestPlanAnalyzer: Cannot parse file: /Users/rupertgermann/Sites/ifurn_update12_ddev/mono-repo/iFurn_ifurnOnline_V11_smoke.jmx
org.xml.sax.SAXParseException: Premature end of file.
	at org.apache.xerces.parsers.DOMParser.parse(Unknown Source) ~[xercesImpl-2.12.2.jar:?]
	at org.apache.xerces.jaxp.DocumentBuilderImpl.parse(Unknown Source) ~[xercesImpl-2.12.2.jar:?]
	at java.xml/javax.xml.parsers.DocumentBuilder.parse(DocumentBuilder.java:122) ~[?:?]
	at org.jmeterplugins.repository.plugins.TestPlanAnalyzer.getNodeListWithClassNames(TestPlanAnalyzer.java:112) ~[jmeter-plugins-manager-1.9.jar:?]
	at org.jmeterplugins.repository.plugins.TestPlanAnalyzer.analyze(TestPlanAnalyzer.java:37) ~[jmeter-plugins-manager-1.9.jar:?]
	at org.jmeterplugins.repository.plugins.PluginSuggester.analyzeTestPlan(PluginSuggester.java:51) ~[jmeter-plugins-manager-1.9.jar:?]
	at org.jmeterplugins.repository.plugins.PluginSuggester.findPluginsToInstall(PluginSuggester.java:44) ~[jmeter-plugins-manager-1.9.jar:?]
	at org.jmeterplugins.repository.plugins.PluginSuggester.checkAndSuggest(PluginSuggester.java:28) ~[jmeter-plugins-manager-1.9.jar:?]
	at org.jmeterplugins.repository.logging.LoggerAppender.append(LoggerAppender.java:33) ~[jmeter-plugins-manager-1.9.jar:?]
	at org.apache.logging.log4j.core.config.AppenderControl.tryCallAppender(AppenderControl.java:160) ~[log4j-core-2.22.1.jar:2.22.1]
	at org.apache.logging.log4j.core.config.AppenderControl.callAppender0(AppenderControl.java:133) ~[log4j-core-2.22.1.jar:2.22.1]
	at org.apache.logging.log4j.core.config.AppenderControl.callAppenderPreventRecursion(AppenderControl.java:124) ~[log4j-core-2.22.1.jar:2.22.1]
	at org.apache.logging.log4j.core.config.AppenderControl.callAppender(AppenderControl.java:88) ~[log4j-core-2.22.1.jar:2.22.1]
	at org.apache.logging.log4j.core.config.LoggerConfig.callAppenders(LoggerConfig.java:705) ~[log4j-core-2.22.1.jar:2.22.1]
	at org.apache.logging.log4j.core.config.LoggerConfig.processLogEvent(LoggerConfig.java:663) ~[log4j-core-2.22.1.jar:2.22.1]
	at org.apache.logging.log4j.core.config.LoggerConfig.log(LoggerConfig.java:639) ~[log4j-core-2.22.1.jar:2.22.1]
	at org.apache.logging.log4j.core.config.LoggerConfig.log(LoggerConfig.java:575) ~[log4j-core-2.22.1.jar:2.22.1]
	at org.apache.logging.log4j.core.config.AwaitCompletionReliabilityStrategy.log(AwaitCompletionReliabilityStrategy.java:92) ~[log4j-core-2.22.1.jar:2.22.1]
	at org.apache.logging.log4j.core.Logger.log(Logger.java:169) ~[log4j-core-2.22.1.jar:2.22.1]
	at org.apache.logging.log4j.spi.AbstractLogger.tryLogMessage(AbstractLogger.java:2933) ~[log4j-api-2.22.1.jar:2.22.1]
	at org.apache.logging.log4j.spi.AbstractLogger.logMessageTrackRecursion(AbstractLogger.java:2886) ~[log4j-api-2.22.1.jar:2.22.1]
	at org.apache.logging.log4j.spi.AbstractLogger.logMessageSafely(AbstractLogger.java:2868) ~[log4j-api-2.22.1.jar:2.22.1]
	at org.apache.logging.log4j.spi.AbstractLogger.logMessage(AbstractLogger.java:2664) ~[log4j-api-2.22.1.jar:2.22.1]
	at org.apache.logging.log4j.spi.AbstractLogger.logIfEnabled(AbstractLogger.java:2429) ~[log4j-api-2.22.1.jar:2.22.1]
	at org.apache.logging.slf4j.Log4jLogger.info(Log4jLogger.java:184) ~[log4j-slf4j-impl-2.22.1.jar:2.22.1]
	at org.apache.jmeter.save.SaveService.loadTree(SaveService.java:425) ~[ApacheJMeter_core.jar:5.6.3]
	at org.apache.jmeter.gui.action.Load.loadProjectFile(Load.java:131) ~[ApacheJMeter_core.jar:5.6.3]
	at org.apache.jmeter.gui.action.Load.loadProjectFile(Load.java:103) ~[ApacheJMeter_core.jar:5.6.3]
	at org.apache.jmeter.gui.action.LoadRecentProject.doActionAfterCheck(LoadRecentProject.java:74) ~[ApacheJMeter_core.jar:5.6.3]
	at org.apache.jmeter.gui.action.AbstractActionWithNoRunningTest.doAction(AbstractActionWithNoRunningTest.java:44) ~[ApacheJMeter_core.jar:5.6.3]
	at org.apache.jmeter.gui.action.ActionRouter.performAction(ActionRouter.java:83) ~[ApacheJMeter_core.jar:5.6.3]
	at org.apache.jmeter.gui.action.ActionRouter.lambda$actionPerformed$0(ActionRouter.java:65) ~[ApacheJMeter_core.jar:5.6.3]
	at java.desktop/java.awt.event.InvocationEvent.dispatch(InvocationEvent.java:318) ~[?:?]
	at java.desktop/java.awt.EventQueue.dispatchEventImpl(EventQueue.java:773) ~[?:?]
	at java.desktop/java.awt.EventQueue$4.run(EventQueue.java:720) ~[?:?]
	at java.desktop/java.awt.EventQueue$4.run(EventQueue.java:714) ~[?:?]
	at java.base/java.security.AccessController.doPrivileged(AccessController.java:400) [?:?]
	at java.base/java.security.ProtectionDomain$JavaSecurityAccessImpl.doIntersectionPrivilege(ProtectionDomain.java:87) [?:?]
	at java.desktop/java.awt.EventQueue.dispatchEvent(EventQueue.java:742) [?:?]
	at java.desktop/java.awt.EventDispatchThread.pumpOneEventForFilters(EventDispatchThread.java:203) [?:?]
	at java.desktop/java.awt.EventDispatchThread.pumpEventsForFilter(EventDispatchThread.java:124) [?:?]
	at java.desktop/java.awt.EventDispatchThread.pumpEventsForHierarchy(EventDispatchThread.java:113) [?:?]
	at java.desktop/java.awt.EventDispatchThread.pumpEvents(EventDispatchThread.java:109) [?:?]
	at java.desktop/java.awt.EventDispatchThread.pumpEvents(EventDispatchThread.java:101) [?:?]
	at java.desktop/java.awt.EventDispatchThread.run(EventDispatchThread.java:90) [?:?]
2026-03-17 12:55:37,703 WARN o.a.j.g.a.Load: Error reading file. java.io.FileNotFoundException: /Users/rupertgermann/Sites/ifurn_update12_ddev/mono-repo/iFurn_ifurnOnline_V11_smoke.jmx (No such file or directory)
2026-03-17 12:55:37,703 ERROR o.a.j.u.JMeterUtils: /Users/rupertgermann/Sites/ifurn_update12_ddev/mono-repo/iFurn_ifurnOnline_V11_smoke.jmx (No such file or directory)
2026-03-17 12:55:57,861 INFO o.a.j.g.a.Load: Loading file: /Users/rupertgermann/Sites/ifurn_update12_ddev/jmeter/iFurn_ifurnOnline_V11_smoke.jmx
2026-03-17 12:55:57,861 INFO o.a.j.s.FileServer: Set new base='/Users/rupertgermann/Sites/ifurn_update12_ddev/jmeter'
2026-03-17 12:55:57,861 INFO o.a.j.s.SaveService: Loading file: /Users/rupertgermann/Sites/ifurn_update12_ddev/jmeter/iFurn_ifurnOnline_V11_smoke.jmx
2026-03-17 12:55:58,009 INFO o.a.j.p.h.c.CookieManager: Settings: Delete null: true Check: true Allow variable: true Save: false Prefix: COOKIE_
2026-03-17 12:55:58,012 INFO o.a.j.p.h.s.HTTPSamplerBase: Parser for text/html is org.apache.jmeter.protocol.http.parser.LagartoBasedHtmlParser
2026-03-17 12:55:58,013 INFO o.a.j.p.h.s.HTTPSamplerBase: Parser for application/xhtml+xml is org.apache.jmeter.protocol.http.parser.LagartoBasedHtmlParser
2026-03-17 12:55:58,013 INFO o.a.j.p.h.s.HTTPSamplerBase: Parser for application/xml is org.apache.jmeter.protocol.http.parser.LagartoBasedHtmlParser
2026-03-17 12:55:58,013 INFO o.a.j.p.h.s.HTTPSamplerBase: Parser for text/xml is org.apache.jmeter.protocol.http.parser.LagartoBasedHtmlParser
2026-03-17 12:55:58,013 INFO o.a.j.p.h.s.HTTPSamplerBase: Parser for text/vnd.wap.wml is org.apache.jmeter.protocol.http.parser.RegexpHTMLParser
2026-03-17 12:55:58,013 INFO o.a.j.p.h.s.HTTPSamplerBase: Parser for text/css is org.apache.jmeter.protocol.http.parser.CssParser
2026-03-17 12:55:58,483 INFO o.a.j.s.SampleResult: Note: Sample TimeStamps are START times
2026-03-17 12:55:58,483 INFO o.a.j.s.SampleResult: sampleresult.default.encoding is set to UTF-8
2026-03-17 12:55:58,483 INFO o.a.j.s.SampleResult: sampleresult.useNanoTime=true
2026-03-17 12:55:58,483 INFO o.a.j.s.SampleResult: sampleresult.nanoThreadSleep=5000
2026-03-17 12:55:58,528 INFO o.a.j.r.ClassFinder: Will scan jar /opt/homebrew/Cellar/jmeter/5.6.3/libexec/lib/ext/jmeter-plugins-manager-1.9.jar with filter ExtendsClassFilter [parents=[interface org.apache.jmeter.visualizers.ResultRenderer], inner=false, contains=null, notContains=null]. Consider exposing JMeter plugins via META-INF/services, and add JMeter-Skip-Class-Scanning=true manifest attribute so JMeter can skip classfile scanning
2026-03-17 12:55:58,538 INFO o.a.j.r.ClassFinder: Will scan jar /opt/homebrew/Cellar/jmeter/5.6.3/libexec/lib/ext/jmeter-plugins-manager-1.9.jar with filter ExtendsClassFilter [parents=[interface org.apache.jmeter.visualizers.RequestView], inner=false, contains=null, notContains=null]. Consider exposing JMeter plugins via META-INF/services, and add JMeter-Skip-Class-Scanning=true manifest attribute so JMeter can skip classfile scanning
2026-03-17 12:55:58,560 INFO o.a.j.s.FileServer: Set new base='/Users/rupertgermann/Sites/ifurn_update12_ddev/jmeter'
2026-03-17 12:56:20,450 INFO o.a.j.e.StandardJMeterEngine: Running the test!
2026-03-17 12:56:20,450 INFO o.a.j.s.SampleEvent: List of sample_variables: []
2026-03-17 12:56:20,450 INFO o.a.j.s.SampleEvent: List of sample_variables: []
2026-03-17 12:56:20,451 INFO o.a.j.e.u.CompoundVariable: Note: Function class names must contain the string: '.functions.'
2026-03-17 12:56:20,451 INFO o.a.j.e.u.CompoundVariable: Note: Function class names must not contain the string: '.gui.'
2026-03-17 12:56:20,465 INFO o.a.j.r.ClassFinder: Will scan jar /opt/homebrew/Cellar/jmeter/5.6.3/libexec/lib/ext/jmeter-plugins-manager-1.9.jar with filter ExtendsClassFilter [parents=[interface org.apache.jmeter.functions.Function], inner=false, contains=null, notContains=null]. Consider exposing JMeter plugins via META-INF/services, and add JMeter-Skip-Class-Scanning=true manifest attribute so JMeter can skip classfile scanning
2026-03-17 12:56:20,470 INFO o.a.j.g.u.JMeterMenuBar: setRunning(true, *local*)
2026-03-17 12:56:20,495 INFO o.a.j.e.StandardJMeterEngine: Starting ThreadGroup: 1 : Thread Group
2026-03-17 12:56:20,495 INFO o.a.j.e.StandardJMeterEngine: Starting 1 threads for group Thread Group.
2026-03-17 12:56:20,495 INFO o.a.j.e.StandardJMeterEngine: Thread will continue on error
2026-03-17 12:56:20,495 INFO o.a.j.t.ThreadGroup: Starting thread group... number=1 threads=1 ramp-up=1 delayedStart=false
2026-03-17 12:56:20,497 INFO o.a.j.t.ThreadGroup: Started thread group number 1
2026-03-17 12:56:20,497 INFO o.a.j.e.StandardJMeterEngine: All thread groups have been started
2026-03-17 12:56:20,497 INFO o.a.j.t.JMeterThread: Thread started: Thread Group 1-1
2026-03-17 12:56:20,504 INFO o.a.j.p.h.s.HTTPHCAbstractImpl: Local host = MacBook-Pro.local
2026-03-17 12:56:20,507 INFO o.a.j.p.h.s.HTTPHC4Impl: HTTP request retry count = 0
2026-03-17 12:56:20,542 INFO o.a.j.p.h.s.h.LazyLayeredConnectionSocketFactory: Setting up HTTPS TrustAll Socket Factory
2026-03-17 12:56:20,543 INFO o.a.j.u.JsseSSLManager: Using default SSL protocol: TLS
2026-03-17 12:56:20,543 INFO o.a.j.u.JsseSSLManager: SSL session context: per-thread
2026-03-17 12:56:20,567 INFO o.a.j.u.SSLManager: JmeterKeyStore Location:  type JKS
2026-03-17 12:56:20,567 INFO o.a.j.u.SSLManager: KeyStore created OK
2026-03-17 12:56:20,567 WARN o.a.j.u.SSLManager: Keystore file not found, loading empty keystore
2026-03-17 12:56:23,312 INFO o.a.j.s.FileServer: Stored: /Users/rupertgermann/Sites/ifurn_update12_ddev/jmeter/ifout.zip
2026-03-17 12:56:24,820 INFO o.a.j.t.JMeterThread: Thread is done: Thread Group 1-1
2026-03-17 12:56:24,820 INFO o.a.j.t.JMeterThread: Thread finished: Thread Group 1-1
2026-03-17 12:56:24,821 INFO o.a.j.e.StandardJMeterEngine: Notifying test listeners of end of test
2026-03-17 12:56:24,821 INFO o.a.j.g.u.JMeterMenuBar: setRunning(false, *local*)
2026-03-17 14:01:27,438 INFO o.a.j.e.StandardJMeterEngine: Running the test!
2026-03-17 14:01:27,440 INFO o.a.j.s.SampleEvent: List of sample_variables: []
2026-03-17 14:01:27,441 INFO o.a.j.g.u.JMeterMenuBar: setRunning(true, *local*)
2026-03-17 14:01:27,480 INFO o.a.j.e.StandardJMeterEngine: Starting ThreadGroup: 1 : Thread Group
2026-03-17 14:01:27,481 INFO o.a.j.e.StandardJMeterEngine: Starting 1 threads for group Thread Group.
2026-03-17 14:01:27,481 INFO o.a.j.e.StandardJMeterEngine: Thread will continue on error
2026-03-17 14:01:27,481 INFO o.a.j.t.ThreadGroup: Starting thread group... number=1 threads=1 ramp-up=1 delayedStart=false
2026-03-17 14:01:27,481 INFO o.a.j.t.ThreadGroup: Started thread group number 1
2026-03-17 14:01:27,481 INFO o.a.j.e.StandardJMeterEngine: All thread groups have been started
2026-03-17 14:01:27,482 INFO o.a.j.t.JMeterThread: Thread started: Thread Group 1-1
2026-03-17 14:01:29,713 INFO o.a.j.s.FileServer: Stored: /Users/rupertgermann/Sites/ifurn_update12_ddev/jmeter/ifout.zip
2026-03-17 14:01:34,808 INFO o.a.j.t.JMeterThread: Thread is done: Thread Group 1-1
2026-03-17 14:01:34,808 INFO o.a.j.t.JMeterThread: Thread finished: Thread Group 1-1
2026-03-17 14:01:34,810 INFO o.a.j.e.StandardJMeterEngine: Notifying test listeners of end of test
2026-03-17 14:01:34,810 INFO o.a.j.g.u.JMeterMenuBar: setRunning(false, *local*)
